{"/home/elijah/myString_jest/unit/myString.js": {"path":"/home/elijah/myString_jest/unit/myString.js","statementMap":{"0":{"start":{"line":4,"column":8},"end":{"line":4,"column":39}},"1":{"start":{"line":8,"column":18},"end":{"line":8,"column":36}},"2":{"start":{"line":10,"column":8},"end":{"line":15,"column":9}},"3":{"start":{"line":11,"column":12},"end":{"line":11,"column":23}},"4":{"start":{"line":13,"column":12},"end":{"line":13,"column":26}},"5":{"start":{"line":14,"column":12},"end":{"line":14,"column":20}},"6":{"start":{"line":19,"column":0},"end":{"line":19,"column":28}}},"fnMap":{"0":{"name":"(anonymous_0)","decl":{"start":{"line":3,"column":4},"end":{"line":3,"column":5}},"loc":{"start":{"line":3,"column":19},"end":{"line":5,"column":5}},"line":3},"1":{"name":"(anonymous_1)","decl":{"start":{"line":7,"column":4},"end":{"line":7,"column":5}},"loc":{"start":{"line":7,"column":17},"end":{"line":16,"column":5}},"line":7}},"branchMap":{"0":{"loc":{"start":{"line":10,"column":8},"end":{"line":15,"column":9}},"type":"if","locations":[{"start":{"line":10,"column":8},"end":{"line":15,"column":9}},{"start":{"line":10,"column":8},"end":{"line":15,"column":9}}],"line":10}},"s":{"0":2,"1":3,"2":3,"3":2,"4":1,"5":1,"6":1},"f":{"0":2,"1":3},"b":{"0":[2,1]},"_coverageSchema":"1a1c01bbd47fc00a2c39e90264f33305004495a9","hash":"00a36bd77c9aaa3b02fac79e88d8c8881321bbcb"}
}
